<?xml version="1.0" encoding="UTF-8" ?>
<testsuite failures="0" time="0.003" errors="0" skipped="0" tests="5" name="com.rakesh.AppTest">
  <properties>
    <property name="PROCESSOR_ARCHITECTURE" value="AMD64"/>
    <property name="file.encoding.pkg" value="sun.io"/>
    <property name="LOGONSERVER" value="\\GB-LON-DC02"/>
    <property name="ProgramData" value="C:\ProgramData"/>
    <property name="java.home" value="C:\Program Files\Java\jdk1.7.0_67\jre"/>
    <property name="NODE_NAME" value="master"/>
    <property name="JENKINS_URL" value="http://localhost:8090/jenkins/"/>
    <property name="CATALINA_HOME" value="C:\apache-tomcat-7.0.55"/>
    <property name="ALLUSERSPROFILE" value="C:\ProgramData"/>
    <property name="java.endorsed.dirs" value="C:\Program Files\Java\jdk1.7.0_67\jre\lib\endorsed"/>
    <property name="PSModulePath" value="C:\Windows\system32\WindowsPowerShell\v1.0\Modules\"/>
    <property name="=::" value="::\"/>
    <property name="USERDOMAIN" value="GLOBALSERVS"/>
    <property name="sun.os.patch.level" value="Service Pack 1"/>
    <property name="java.vendor.url" value="http://java.oracle.com/"/>
    <property name="JAVA_OPTS" value="-server -Xms512M -Xmx768M -XX:MaxPermSize=256m -Djava.util.logging.config.file=&quot;C:\apache-tomcat-7.0.55\conf\logging.properties&quot; -Djava.util.logging.manager=org.apache.juli.ClassLoaderLogManager"/>
    <property name="CommonProgramFiles(x86)" value="C:\Program Files (x86)\Common Files"/>
    <property name="java.version" value="1.7.0_67"/>
    <property name="JOB_NAME" value="SampleApplication"/>
    <property name="COMPUTERNAME" value="GB-LON-WKS01679"/>
    <property name="windows_tracing_logfile" value="C:\BVTBin\Tests\installpackage\csilogfile.log"/>
    <property name="java.vendor.url.bug" value="http://bugreport.sun.com/bugreport/"/>
    <property name="PUBLIC" value="C:\Users\Public"/>
    <property name="user.name" value="Rakesh.Chiluka"/>
    <property name="DellClientSystemUpdatePath" value="C:\Program Files (x86)\Dell\ClientSystemUpdate\"/>
    <property name="sun.io.unicode.encoding" value="UnicodeLittle"/>
    <property name="sun.jnu.encoding" value="Cp1252"/>
    <property name="java.runtime.name" value="Java(TM) SE Runtime Environment"/>
    <property name="windir" value="C:\Windows"/>
    <property name="PROCESSOR_IDENTIFIER" value="Intel64 Family 6 Model 60 Stepping 3, GenuineIntel"/>
    <property name="java.specification.name" value="Java Platform API Specification"/>
    <property name="LOCALAPPDATA" value="C:\Users\rakesh.chiluka@havasehs.com\AppData\Local"/>
    <property name="user.timezone" value="Europe/London"/>
    <property name="user.script" value=""/>
    <property name="path.separator" value=";"/>
    <property name="NUMBER_OF_PROCESSORS" value="4"/>
    <property name="BUILD_TAG" value="jenkins-SampleApplication-11"/>
    <property name="windows_tracing_flags" value="3"/>
    <property name="file.encoding" value="Cp1252"/>
    <property name="sun.java.command" value="jenkins.maven3.agent.Maven31Main C:\maven-3.2.3\apache-maven-3.2.3 C:\apache-tomcat-7.0.55\webapps\jenkins\WEB-INF\lib\remoting-2.44.jar C:\Users\rakesh.chiluka@havasehs.com\.jenkins\plugins\maven-plugin\WEB-INF\lib\maven31-interceptor-1.5.jar C:\Users\rakesh.chiluka@havasehs.com\.jenkins\plugins\maven-plugin\WEB-INF\lib\maven3-interceptor-commons-1.5.jar 62411"/>
    <property name="HUDSON_URL" value="http://localhost:8090/jenkins/"/>
    <property name="JENKINS_SERVER_COOKIE" value="9cee11d52b177adc"/>
    <property name="EXECUTOR_NUMBER" value="1"/>
    <property name="Path" value="C:\Program Files\Java\jdk1.7.0_67/bin;C:\ProgramData\Oracle\Java\javapath;C:\Program Files (x86)\Intel\iCLS Client\;C:\Program Files\Intel\iCLS Client\;C:\Windows\system32;C:\Windows;C:\Windows\System32\Wbem;C:\Windows\System32\WindowsPowerShell\v1.0\;C:\Program Files\Intel\Intel(R) Management Engine Components\DAL;C:\Program Files\Intel\Intel(R) Management Engine Components\IPT;C:\Program Files (x86)\Intel\Intel(R) Management Engine Components\DAL;C:\Program Files (x86)\Intel\Intel(R) Management Engine Components\IPT;C:\Program Files\Java\jdk1.7.0_67\bin;C:\ant-1.9.4\apache-ant-1.9.4\bin;C:\maven-3.2.3\apache-maven-3.2.3\bin;C:\Program Files (x86)\Git\bin;C:\apache-tomcat-7.0.55\bin"/>
    <property name="java.io.tmpdir" value="C:\Users\RAKESH~1.COM\AppData\Local\Temp\"/>
    <property name="APPDATA" value="C:\Users\rakesh.chiluka@havasehs.com\AppData\Roaming"/>
    <property name="user.language" value="en"/>
    <property name="CATALINA_TMPDIR" value="C:\apache-tomcat-7.0.55\temp"/>
    <property name="line.separator" value="
"/>
    <property name="BUILD_URL" value="http://localhost:8090/jenkins/job/SampleApplication/11/"/>
    <property name="JAVA_ENDORSED_DIRS" value="C:\apache-tomcat-7.0.55\endorsed"/>
    <property name="ACTION" value="start"/>
    <property name="M2_HOME" value="C:\maven-3.2.3\apache-maven-3.2.3"/>
    <property name="=C:" value="C:\apache-tomcat-7.0.55\bin"/>
    <property name="java.vm.info" value="mixed mode"/>
    <property name="sun.desktop" value="windows"/>
    <property name="java.vm.specification.name" value="Java Virtual Machine Specification"/>
    <property name="BUILD_DISPLAY_NAME" value="#11"/>
    <property name="OS" value="Windows_NT"/>
    <property name="guice.disable.misplaced.annotation.check" value="true"/>
    <property name="CATALINA_BASE" value="C:\apache-tomcat-7.0.55"/>
    <property name="HUDSON_SERVER_COOKIE" value="9cee11d52b177adc"/>
    <property name="JRE_HOME" value="C:\Program Files\Java\jdk1.7.0_67"/>
    <property name="_EXECJAVA" value="&quot;C:\Program Files\Java\jdk1.7.0_67\bin\java&quot;"/>
    <property name="_RUNJAVA" value="&quot;C:\Program Files\Java\jdk1.7.0_67\bin\java&quot;"/>
    <property name="MAVEN_HOME" value="C:\maven-3.2.3\apache-maven-3.2.3"/>
    <property name="SESSIONNAME" value="Console"/>
    <property name="PATHEXT" value=".COM;.EXE;.BAT;.CMD;.VBS;.VBE;.JS;.JSE;.WSF;.WSH;.MSC"/>
    <property name="java.awt.printerjob" value="sun.awt.windows.WPrinterJob"/>
    <property name="maven3.interceptor.common" value="C:\Users\rakesh.chiluka@havasehs.com\.jenkins\plugins\maven-plugin\WEB-INF\lib\maven3-interceptor-commons-1.5.jar"/>
    <property name="CLASSPATH" value=""/>
    <property name="LOGGING_CONFIG" value="-Djava.util.logging.config.file=&quot;C:\apache-tomcat-7.0.55\conf\logging.properties&quot;"/>
    <property name="HOMEPATH" value="\Users\rakesh.chiluka@havasehs.com"/>
    <property name="os.name" value="Windows 7"/>
    <property name="java.specification.vendor" value="Oracle Corporation"/>
    <property name="FP_NO_HOST_CHECK" value="NO"/>
    <property name="java.vm.name" value="Java HotSpot(TM) 64-Bit Server VM"/>
    <property name="BUILD_NUMBER" value="11"/>
    <property name="maven3.interceptor" value="C:\Users\rakesh.chiluka@havasehs.com\.jenkins\plugins\maven-plugin\WEB-INF\lib\maven31-interceptor-1.5.jar"/>
    <property name="java.library.path" value="C:\Program Files\Java\jdk1.7.0_67\bin;C:\Windows\Sun\Java\bin;C:\Windows\system32;C:\Windows;C:\maven-3.2.3\apache-maven-3.2.3/bin;C:\Program Files\Java\jdk1.7.0_67/bin;C:\Program Files\Java\jdk1.7.0_67/bin;C:\ProgramData\Oracle\Java\javapath;C:\Program Files (x86)\Intel\iCLS Client\;C:\Program Files\Intel\iCLS Client\;C:\Windows\system32;C:\Windows;C:\Windows\System32\Wbem;C:\Windows\System32\WindowsPowerShell\v1.0\;C:\Program Files\Intel\Intel(R) Management Engine Components\DAL;C:\Program Files\Intel\Intel(R) Management Engine Components\IPT;C:\Program Files (x86)\Intel\Intel(R) Management Engine Components\DAL;C:\Program Files (x86)\Intel\Intel(R) Management Engine Components\IPT;C:\Program Files\Java\jdk1.7.0_67\bin;C:\ant-1.9.4\apache-ant-1.9.4\bin;C:\maven-3.2.3\apache-maven-3.2.3\bin;C:\Program Files (x86)\Git\bin;C:\apache-tomcat-7.0.55\bin;."/>
    <property name="HOMEDRIVE" value="C:"/>
    <property name="POM_GROUPID" value="com.rakesh"/>
    <property name="POM_ARTIFACTID" value="SampleApplication"/>
    <property name="java.class.version" value="51.0"/>
    <property name="LOGGING_MANAGER" value="-Djava.util.logging.manager=org.apache.juli.ClassLoaderLogManager"/>
    <property name="_RUNJDB" value="&quot;C:\Program Files\Java\jdk1.7.0_67\bin\jdb&quot;"/>
    <property name="JOB_URL" value="http://localhost:8090/jenkins/job/SampleApplication/"/>
    <property name="ANT_HOME" value="C:\ant-1.9.4\apache-ant-1.9.4"/>
    <property name="MAINCLASS" value="org.apache.catalina.startup.Bootstrap"/>
    <property name="JENKINS_HOME" value="C:\Users\rakesh.chiluka@havasehs.com\.jenkins"/>
    <property name="BUILD_ID" value="2014-09-19_14-56-45"/>
    <property name="TEMP" value="C:\Users\RAKESH~1.COM\AppData\Local\Temp"/>
    <property name="sun.boot.library.path" value="C:\Program Files\Java\jdk1.7.0_67\jre\bin"/>
    <property name="sun.management.compiler" value="HotSpot 64-Bit Tiered Compilers"/>
    <property name="java.awt.graphicsenv" value="sun.awt.Win32GraphicsEnvironment"/>
    <property name="user.variant" value=""/>
    <property name="PROCESSOR_REVISION" value="3c03"/>
    <property name="POM_VERSION" value="1.0-SNAPSHOT"/>
    <property name="HUDSON_HOME" value="C:\Users\rakesh.chiluka@havasehs.com\.jenkins"/>
    <property name="ProgramFiles(x86)" value="C:\Program Files (x86)"/>
    <property name="PATH+MAVEN" value="C:\maven-3.2.3\apache-maven-3.2.3/bin"/>
    <property name="PROMPT" value="$P$G"/>
    <property name="CURRENT_DIR" value="C:\apache-tomcat-7.0.55\bin"/>
    <property name="java.vm.specification.version" value="1.7"/>
    <property name="JAVA_HOME" value="C:\Program Files\Java\jdk1.7.0_67"/>
    <property name="awt.toolkit" value="sun.awt.windows.WToolkit"/>
    <property name="NODE_LABELS" value="master"/>
    <property name="sun.cpu.isalist" value="amd64"/>
    <property name="USERPROFILE" value="C:\Users\rakesh.chiluka@havasehs.com"/>
    <property name="java.ext.dirs" value="C:\Program Files\Java\jdk1.7.0_67\jre\lib\ext;C:\Windows\Sun\Java\lib\ext"/>
    <property name="os.version" value="6.1"/>
    <property name="user.home" value="C:\Users\rakesh.chiluka@havasehs.com"/>
    <property name="USERNAME" value="Rakesh.Chiluka"/>
    <property name="java.vm.vendor" value="Oracle Corporation"/>
    <property name="PROCESSOR_LEVEL" value="6"/>
    <property name="USERDNSDOMAIN" value="GLOBALSERVS.COM"/>
    <property name="CommonProgramW6432" value="C:\Program Files\Common Files"/>
    <property name="user.dir" value="C:\Users\rakesh.chiluka@havasehs.com\workspace\Havas\Application\SampleApplication"/>
    <property name="ProgramW6432" value="C:\Program Files"/>
    <property name="TMP" value="C:\Users\RAKESH~1.COM\AppData\Local\Temp"/>
    <property name="sun.cpu.endian" value="little"/>
    <property name="SystemDrive" value="C:"/>
    <property name="java.vm.version" value="24.65-b04"/>
    <property name="java.class.path" value="C:\Users\rakesh.chiluka@havasehs.com\.jenkins\plugins\maven-plugin\WEB-INF\lib\maven31-agent-1.5.jar;C:\maven-3.2.3\apache-maven-3.2.3\boot\plexus-classworlds-2.5.1.jar;C:\maven-3.2.3\apache-maven-3.2.3/conf/logging"/>
    <property name="org.slf4j.simpleLogger.defaultLogLevel" value="info"/>
    <property name="os.arch" value="amd64"/>
    <property name="WORKSPACE" value="C:\Users\rakesh.chiluka@havasehs.com\workspace\Havas\Application\SampleApplication"/>
    <property name="ComSpec" value="C:\Windows\system32\cmd.exe"/>
    <property name="sun.java.launcher" value="SUN_STANDARD"/>
    <property name="SystemRoot" value="C:\Windows"/>
    <property name="CommonProgramFiles" value="C:\Program Files\Common Files"/>
    <property name="java.vm.specification.vendor" value="Oracle Corporation"/>
    <property name="file.separator" value="\"/>
    <property name="java.runtime.version" value="1.7.0_67-b01"/>
    <property name="ProgramFiles" value="C:\Program Files"/>
    <property name="sun.boot.class.path" value="C:\Program Files\Java\jdk1.7.0_67\jre\lib\resources.jar;C:\Program Files\Java\jdk1.7.0_67\jre\lib\rt.jar;C:\Program Files\Java\jdk1.7.0_67\jre\lib\sunrsasign.jar;C:\Program Files\Java\jdk1.7.0_67\jre\lib\jsse.jar;C:\Program Files\Java\jdk1.7.0_67\jre\lib\jce.jar;C:\Program Files\Java\jdk1.7.0_67\jre\lib\charsets.jar;C:\Program Files\Java\jdk1.7.0_67\jre\lib\jfr.jar;C:\Program Files\Java\jdk1.7.0_67\jre\classes"/>
    <property name="PATH+JDK" value="C:\Program Files\Java\jdk1.7.0_67/bin"/>
    <property name="user.country" value="GB"/>
    <property name="POM_PACKAGING" value="jar"/>
    <property name="maven.home" value="C:\maven-3.2.3\apache-maven-3.2.3"/>
    <property name="java.vendor" value="Oracle Corporation"/>
    <property name="java.specification.version" value="1.7"/>
    <property name="POM_DISPLAYNAME" value="SampleApplication"/>
    <property name="sun.arch.data.model" value="64"/>
  </properties>
  <testcase time="0.003" classname="com.rakesh.AppTest" name="testingAddition"/>
  <testcase time="0" classname="com.rakesh.AppTest" name="testingMultiplication"/>
  <testcase time="0" classname="com.rakesh.AppTest" name="testingSubstraction"/>
  <testcase time="0" classname="com.rakesh.AppTest" name="testingDivision"/>
  <testcase time="0" classname="com.rakesh.AppTest" name="testingHelloWorld"/>
</testsuite>